<?xml version="1.0" encoding="UTF-8"?>
<testsuite xmlns:xsi="http://www.w3.org/2001/XMLSchema-instance" xsi:noNamespaceSchemaLocation="https://maven.apache.org/surefire/maven-surefire-plugin/xsd/surefire-test-report.xsd" name="com.example.selenium.tests.LoginTest" time="9.025" tests="2" errors="0" skipped="0" failures="0">
  <properties>
[...]
</properties>
  <testcase name="testLoginNoOK" classname="com.example.selenium.tests.LoginTest" time="3.976"/>
  <testcase name="testLoginOK" classname="com.example.selenium.tests.LoginTest" time="5.002"/>
</testsuite>